{"metadata":{"stringValue":"\"NaN\"","kind":"ObjectId","value":"NaN","path":"_id","reason":{}},"level":"error","message":"Cast to ObjectId failed for value \"NaN\" at path \"_id\" for model \"product\""}
{"metadata":{"stringValue":"\"NaN\"","kind":"ObjectId","value":"NaN","path":"_id","reason":{}},"level":"error","message":"Cast to ObjectId failed for value \"NaN\" at path \"_id\" for model \"product\""}
{"metadata":{"stringValue":"\"NaN\"","kind":"ObjectId","value":"NaN","path":"_id","reason":{}},"level":"error","message":"Cast to ObjectId failed for value \"NaN\" at path \"_id\" for model \"product\""}
{"metadata":{"stringValue":"\"NaN\"","kind":"ObjectId","value":"NaN","path":"_id","reason":{}},"level":"error","message":"Cast to ObjectId failed for value \"NaN\" at path \"_id\" for model \"product\""}
{"metadata":{"stringValue":"\"NaN\"","kind":"ObjectId","value":"NaN","path":"_id","reason":{}},"level":"error","message":"Cast to ObjectId failed for value \"NaN\" at path \"_id\" for model \"product\""}
{"metadata":{"stringValue":"\"NaN\"","kind":"ObjectId","value":"NaN","path":"_id","reason":{}},"level":"error","message":"Cast to ObjectId failed for value \"NaN\" at path \"_id\" for model \"product\""}
{"metadata":{"stringValue":"\"NaN\"","kind":"ObjectId","value":"NaN","path":"_id","reason":{}},"level":"error","message":"Cast to ObjectId failed for value \"NaN\" at path \"_id\" for model \"product\""}
{"metadata":{"stringValue":"\"NaN\"","kind":"ObjectId","value":"NaN","path":"_id","reason":{}},"level":"error","message":"Cast to ObjectId failed for value \"NaN\" at path \"_id\" for model \"product\""}
{"metadata":{"stringValue":"\"NaN\"","kind":"ObjectId","value":"NaN","path":"_id","reason":{}},"level":"error","message":"Cast to ObjectId failed for value \"NaN\" at path \"_id\" for model \"product\""}
{"metadata":{"stringValue":"\"NaN\"","kind":"ObjectId","value":"NaN","path":"_id","reason":{}},"level":"error","message":"Cast to ObjectId failed for value \"NaN\" at path \"_id\" for model \"product\""}
{"metadata":{"stringValue":"\"NaN\"","kind":"ObjectId","value":"NaN","path":"_id","reason":{}},"level":"error","message":"Cast to ObjectId failed for value \"NaN\" at path \"_id\" for model \"product\""}
{"metadata":{"stringValue":"\"NaN\"","kind":"ObjectId","value":"NaN","path":"_id","reason":{}},"level":"error","message":"Cast to ObjectId failed for value \"NaN\" at path \"_id\" for model \"product\""}
{"metadata":{"stringValue":"\"NaN\"","kind":"ObjectId","value":"NaN","path":"_id","reason":{}},"level":"error","message":"Cast to ObjectId failed for value \"NaN\" at path \"_id\" for model \"product\""}
{"metadata":{"stringValue":"\"NaN\"","kind":"ObjectId","value":"NaN","path":"_id","reason":{}},"level":"error","message":"Cast to ObjectId failed for value \"NaN\" at path \"_id\" for model \"product\""}
{"metadata":{"stringValue":"\"NaN\"","kind":"ObjectId","value":"NaN","path":"_id","reason":{}},"level":"error","message":"Cast to ObjectId failed for value \"NaN\" at path \"_id\" for model \"product\""}
{"metadata":{"stringValue":"\"NaN\"","kind":"ObjectId","value":"NaN","path":"_id","reason":{}},"level":"error","message":"Cast to ObjectId failed for value \"NaN\" at path \"_id\" for model \"product\""}
{"metadata":{"stringValue":"\"NaN\"","kind":"ObjectId","value":"NaN","path":"_id","reason":{}},"level":"error","message":"Cast to ObjectId failed for value \"NaN\" at path \"_id\" for model \"product\""}
{"metadata":{"stringValue":"\"-1\"","kind":"ObjectId","value":"-1","path":"_id","reason":{}},"level":"error","message":"Cast to ObjectId failed for value \"-1\" at path \"_id\" for model \"product\""}
{"metadata":{"stringValue":"\"-1\"","kind":"ObjectId","value":"-1","path":"_id","reason":{}},"level":"error","message":"Cast to ObjectId failed for value \"-1\" at path \"_id\" for model \"product\""}
{"metadata":{"stringValue":"\"-1\"","kind":"ObjectId","value":"-1","path":"_id","reason":{}},"level":"error","message":"Cast to ObjectId failed for value \"-1\" at path \"_id\" for model \"product\""}
{"metadata":{"stringValue":"\"-1\"","kind":"ObjectId","value":"-1","path":"_id","reason":{}},"level":"error","message":"Cast to ObjectId failed for value \"-1\" at path \"_id\" for model \"product\""}
{"metadata":{"stringValue":"\"-1\"","kind":"ObjectId","value":"-1","path":"_id","reason":{}},"level":"error","message":"Cast to ObjectId failed for value \"-1\" at path \"_id\" for model \"product\""}
{"metadata":{"stringValue":"\"-1\"","kind":"ObjectId","value":"-1","path":"_id","reason":{}},"level":"error","message":"Cast to ObjectId failed for value \"-1\" at path \"_id\" for model \"product\""}
{"metadata":{},"level":"error","message":"bcrypt is not defined"}
{"metadata":{},"level":"error","message":"bcrypt is not defined"}
{"metadata":{},"level":"error","message":"bcrypt is not defined"}
{"metadata":{},"level":"error","message":"bcrypt is not defined"}
{"metadata":{},"level":"error","message":"bcrypt is not defined"}
{"metadata":{},"level":"error","message":"bcrypt is not defined"}
{"metadata":{},"level":"error","message":"bcrypt is not defined"}
{"metadata":{},"level":"error","message":"bcrypt is not defined"}
{"metadata":{},"level":"error","message":"bcrypt is not defined"}
{"metadata":{},"level":"error","message":"bcrypt is not defined"}
{"metadata":{},"level":"error","message":"bcrypt is not defined"}
{"metadata":{},"level":"error","message":"bcrypt is not defined"}
{"metadata":{},"level":"error","message":"bcrypt is not defined"}
{"metadata":{},"level":"error","message":"bcrypt is not defined"}
{"metadata":{},"level":"error","message":"bcrypt is not defined"}
{"metadata":{},"level":"error","message":"bcrypt is not defined"}
{"metadata":{},"level":"error","message":"_ is not defined"}
{"metadata":{},"level":"error","message":"_ is not defined"}
{"metadata":{"driver":true,"name":"MongoError","index":0,"code":11000,"keyPattern":{"name":1},"keyValue":{"name":"David"}},"level":"error","message":"E11000 duplicate key error collection: angularSecurityBackEnd.users index: name_1 dup key: { name: \"David\" }"}
{"metadata":{"driver":true,"name":"MongoError","index":0,"code":11000,"keyPattern":{"name":1},"keyValue":{"name":"David"}},"level":"error","message":"E11000 duplicate key error collection: angularSecurityBackEnd.users index: name_1 dup key: { name: \"David\" }"}
{"metadata":{"driver":true,"name":"MongoError","index":0,"code":11000,"keyPattern":{"name":1},"keyValue":{"name":"David"}},"level":"error","message":"E11000 duplicate key error collection: angularSecurityBackEnd.users index: name_1 dup key: { name: \"David\" }"}
{"metadata":{"driver":true,"name":"MongoError","index":0,"code":11000,"keyPattern":{"name":1},"keyValue":{"name":"David"}},"level":"error","message":"E11000 duplicate key error collection: angularSecurityBackEnd.users index: name_1 dup key: { name: \"David\" }"}
{"metadata":{"driver":true,"name":"MongoError","index":0,"code":11000,"keyPattern":{"name":1},"keyValue":{"name":"David"}},"level":"error","message":"E11000 duplicate key error collection: angularSecurityBackEnd.users index: name_1 dup key: { name: \"David\" }"}
{"metadata":{"driver":true,"name":"MongoError","index":0,"code":11000,"keyPattern":{"name":1},"keyValue":{"name":"David"}},"level":"error","message":"E11000 duplicate key error collection: angularSecurityBackEnd.users index: name_1 dup key: { name: \"David\" }"}
{"metadata":{"driver":true,"name":"MongoError","index":0,"code":11000,"keyPattern":{"name":1},"keyValue":{"name":"David"}},"level":"error","message":"E11000 duplicate key error collection: angularSecurityBackEnd.users index: name_1 dup key: { name: \"David\" }"}
{"metadata":{"driver":true,"name":"MongoError","index":0,"code":11000,"keyPattern":{"name":1},"keyValue":{"name":"David"}},"level":"error","message":"E11000 duplicate key error collection: angularSecurityBackEnd.users index: name_1 dup key: { name: \"David\" }"}
{"metadata":{"driver":true,"name":"MongoError","index":0,"code":11000,"keyPattern":{"name":1},"keyValue":{"name":"David"}},"level":"error","message":"E11000 duplicate key error collection: angularSecurityBackEnd.users index: name_1 dup key: { name: \"David\" }"}
{"metadata":{"driver":true,"name":"MongoError","index":0,"code":11000,"keyPattern":{"name":1},"keyValue":{"name":"David"}},"level":"error","message":"E11000 duplicate key error collection: angularSecurityBackEnd.users index: name_1 dup key: { name: \"David\" }"}
{"metadata":{"driver":true,"name":"MongoError","index":0,"code":11000,"keyPattern":{"email":1},"keyValue":{"email":null}},"level":"error","message":"E11000 duplicate key error collection: angularSecurityBackEnd.users index: email_1 dup key: { email: null }"}
{"metadata":{"driver":true,"name":"MongoError","index":0,"code":11000,"keyPattern":{"email":1},"keyValue":{"email":null}},"level":"error","message":"E11000 duplicate key error collection: angularSecurityBackEnd.users index: email_1 dup key: { email: null }"}
{"metadata":{"driver":true,"name":"MongoError","index":0,"code":11000,"keyPattern":{"email":1},"keyValue":{"email":null}},"level":"error","message":"E11000 duplicate key error collection: angularSecurityBackEnd.users index: email_1 dup key: { email: null }"}
{"metadata":{"driver":true,"name":"MongoError","index":0,"code":11000,"keyPattern":{"email":1},"keyValue":{"email":null}},"level":"error","message":"E11000 duplicate key error collection: angularSecurityBackEnd.users index: email_1 dup key: { email: null }"}
{"metadata":{"driver":true,"name":"MongoError","index":0,"code":11000,"keyPattern":{"email":1},"keyValue":{"email":null}},"level":"error","message":"E11000 duplicate key error collection: angularSecurityBackEnd.users index: email_1 dup key: { email: null }"}
{"metadata":{"driver":true,"name":"MongoError","index":0,"code":11000,"keyPattern":{"email":1},"keyValue":{"email":null}},"level":"error","message":"E11000 duplicate key error collection: angularSecurityBackEnd.users index: email_1 dup key: { email: null }"}
{"metadata":{"driver":true,"name":"MongoError","index":0,"code":11000,"keyPattern":{"email":1},"keyValue":{"email":null}},"level":"error","message":"E11000 duplicate key error collection: angularSecurityBackEnd.users index: email_1 dup key: { email: null }"}
{"metadata":{},"level":"error","message":"Joi is not defined"}
{"metadata":{},"level":"error","message":"Joi is not defined"}
{"metadata":{},"level":"error","message":"Joi is not defined"}
{"metadata":{"driver":true,"name":"MongoError","index":0,"code":11000,"keyPattern":{"name":1},"keyValue":{"name":"Dio"}},"level":"error","message":"E11000 duplicate key error collection: angularSecurityBackEnd.users index: name_1 dup key: { name: \"Dio\" }"}
{"metadata":{"driver":true,"name":"MongoError","index":0,"code":11000,"keyPattern":{"name":1},"keyValue":{"name":"Jojo"}},"level":"error","message":"E11000 duplicate key error collection: angularSecurityBackEnd.users index: name_1 dup key: { name: \"Jojo\" }"}
{"metadata":{},"level":"error","message":"Operation `users.findOne()` buffering timed out after 10000ms"}
{"metadata":{},"level":"error","message":"Operation `users.findOne()` buffering timed out after 10000ms"}
{"metadata":{},"level":"error","message":"Operation `users.findOne()` buffering timed out after 10000ms"}
{"metadata":{},"level":"error","message":"Operation `users.findOne()` buffering timed out after 10000ms"}
